<?xml version="1.0" encoding="UTF-8"?>
<!-- Generated by org.testng.reporters.JUnitXMLReporter -->
<testsuite ignored="1" hostname="dans-asus" failures="0" tests="4" name="Default test" time="0.1" errors="0" timestamp="2024-07-27T18:27:37 IST">
  <testcase classname="practice.TestNGTest" name="createContactTest" time="0.01"/>
  <testcase classname="practice.TestNGTest" name="modifyContactsTest" time="0.003"/>
  <testcase classname="practice.TestNGTest" name="modifyContactsTest" time="0.003"/>
  <testcase classname="practice.TestNGTest" name="modifyContactsTest" time="0.002"/>
  <testcase classname="practice.TestNGTest" name="deleteContactTest" time="0.0">
    <ignored/>
  </testcase> <!-- deleteContactTest -->
</testsuite> <!-- Default test -->
