<?xml version="1.0" encoding="UTF-8"?>
<!-- Generated by org.testng.reporters.JUnitXMLReporter -->
<testsuite ignored="4" hostname="dans-asus" failures="0" tests="3" name="TestRunner2" time="89.454" errors="0" timestamp="2024-07-12T19:48:19 IST">
  <testcase classname="product.Testcase5_CretaProduct_DeleteProductTest" name="testcase5_CretaProduct_DeleteProductTest" time="22.715"/>
  <testcase classname="Organization.TestCase1_CreateOrganizationTest" name="testCase1_CreateOrganizationTest" time="21.196"/>
  <testcase classname="Organization.TestCase1_CreateOrganizationTest" name="testCase3_CreateCampaignTest" time="14.611"/>
  <testcase classname="Generic_Utilities.BaseClass" name="@BeforeSuite BS" time="0.0">
    <ignored/>
  </testcase> <!-- @BeforeSuite BS -->
  <testcase classname="Generic_Utilities.BaseClass" name="@AfterTest AT" time="0.0">
    <ignored/>
  </testcase> <!-- @AfterTest AT -->
  <testcase classname="Generic_Utilities.BaseClass" name="@BeforeTest BT" time="0.0">
    <ignored/>
  </testcase> <!-- @BeforeTest BT -->
  <testcase classname="Generic_Utilities.BaseClass" name="@AfterSuite AS" time="0.0">
    <ignored/>
  </testcase> <!-- @AfterSuite AS -->
</testsuite> <!-- TestRunner2 -->
