<?xml version="1.0" encoding="UTF-8"?>
<!-- Generated by org.testng.reporters.JUnitXMLReporter -->
<testsuite ignored="4" hostname="dans-asus" failures="0" tests="2" name="TestRunner1" time="67.868" errors="0" timestamp="2024-07-12T19:47:58 IST">
  <testcase classname="Campaign.TestCase4_CampaignWithProductTest" name="testCase4_CampaignWithProductTest" time="30.378"/>
  <testcase classname="product.TestCase2_EnterProductTest" name="testCase2_EnterProductTest" time="15.124"/>
  <testcase classname="Generic_Utilities.BaseClass" name="@BeforeSuite BS" time="0.0">
    <ignored/>
  </testcase> <!-- @BeforeSuite BS -->
  <testcase classname="Generic_Utilities.BaseClass" name="@BeforeTest BT" time="0.0">
    <ignored/>
  </testcase> <!-- @BeforeTest BT -->
  <testcase classname="Generic_Utilities.BaseClass" name="@AfterSuite AS" time="0.0">
    <ignored/>
  </testcase> <!-- @AfterSuite AS -->
  <testcase classname="Generic_Utilities.BaseClass" name="@AfterTest AT" time="0.0">
    <ignored/>
  </testcase> <!-- @AfterTest AT -->
</testsuite> <!-- TestRunner1 -->
