<?xml version="1.0" encoding="UTF-8"?>
<!-- Generated by org.testng.reporters.JUnitXMLReporter -->
<testsuite ignored="0" hostname="dans-asus" failures="0" tests="2" name="TestRunner3" time="67.507" errors="0" timestamp="2024-07-12T19:47:57 IST">
  <testcase classname="Organization.TestCase1_CreateOrganizationTest" name="testCase1_CreateOrganizationTest" time="20.638"/>
  <testcase classname="Organization.TestCase1_CreateOrganizationTest" name="testCase3_CreateCampaignTest" time="20.645"/>
</testsuite> <!-- TestRunner3 -->
