<?xml version="1.0" encoding="UTF-8"?>
<testng-results ignored="0" total="4" passed="4" failed="0" skipped="0">
  <reporter-output>
  </reporter-output>
  <suite started-at="2024-07-27T18:27:37 IST" name="Default suite" finished-at="2024-07-27T18:27:37 IST" duration-ms="100">
    <groups>
    </groups>
    <test started-at="2024-07-27T18:27:37 IST" name="Default test" finished-at="2024-07-27T18:27:37 IST" duration-ms="100">
      <class name="practice.TestNGTest">
        <test-method signature="createContactTest()[pri:0, instance:practice.TestNGTest@2034b64c]" started-at="2024-07-27T18:27:37 IST" name="createContactTest" finished-at="2024-07-27T18:27:37 IST" duration-ms="10" status="PASS">
          <reporter-output>
          </reporter-output>
        </test-method> <!-- createContactTest -->
        <test-method signature="modifyContactsTest()[pri:0, instance:practice.TestNGTest@2034b64c]" started-at="2024-07-27T18:27:37 IST" name="modifyContactsTest" finished-at="2024-07-27T18:27:37 IST" duration-ms="3" status="PASS">
          <reporter-output>
          </reporter-output>
        </test-method> <!-- modifyContactsTest -->
        <test-method signature="modifyContactsTest()[pri:0, instance:practice.TestNGTest@2034b64c]" started-at="2024-07-27T18:27:37 IST" name="modifyContactsTest" finished-at="2024-07-27T18:27:37 IST" duration-ms="3" status="PASS">
          <reporter-output>
          </reporter-output>
        </test-method> <!-- modifyContactsTest -->
        <test-method signature="modifyContactsTest()[pri:0, instance:practice.TestNGTest@2034b64c]" started-at="2024-07-27T18:27:37 IST" name="modifyContactsTest" finished-at="2024-07-27T18:27:37 IST" duration-ms="2" status="PASS">
          <reporter-output>
          </reporter-output>
        </test-method> <!-- modifyContactsTest -->
      </class> <!-- practice.TestNGTest -->
    </test> <!-- Default test -->
  </suite> <!-- Default suite -->
</testng-results>
